<?xml version="1.0" encoding="UTF-8"?>
<!-- Generated by org.testng.reporters.JUnitXMLReporter -->
<testsuite hostname="DTNBNAUD528014T" name="UniSuper Assignment" tests="9" failures="0" timestamp="6 Jun 2017 02:42:55 GMT" time="85.8" errors="0">
  <testcase name="AddTodo" time="1.665" classname="com.unisuper.assignment.Angular.Test.TestClass"/>
  <testcase name="EditExistingTodo" time="2.02" classname="com.unisuper.assignment.Angular.Test.TestClass"/>
  <testcase name="CompleteTodo" time="1.828" classname="com.unisuper.assignment.Angular.Test.TestClass"/>
  <testcase name="ReactivateCompleteTodo" time="1.728" classname="com.unisuper.assignment.Angular.Test.TestClass"/>
  <testcase name="Add2Todo" time="1.593" classname="com.unisuper.assignment.Angular.Test.TestClass"/>
  <testcase name="CompleteALLTodo" time="1.627" classname="com.unisuper.assignment.Angular.Test.TestClass"/>
  <testcase name="CompleteTodoFilter" time="1.926" classname="com.unisuper.assignment.Angular.Test.TestClass"/>
  <testcase name="DeleteTodo" time="2.384" classname="com.unisuper.assignment.Angular.Test.TestClass"/>
  <testcase name="DeleteAllTodo" time="2.134" classname="com.unisuper.assignment.Angular.Test.TestClass"/>
</testsuite> <!-- UniSuper Assignment -->
